Build started 2021-07-18 오전 5:02:27.
     1>Project "C:\Users\kjv45\Desktop\네트워크프로그래밍 숙제3 14010984 강주용\client\client\client.vcxproj" on node 2 (build target(s)).
     1>InitializeBuildStatus:
         Creating "Debug\client.unsuccessfulbuild" because "AlwaysCreate" was specified.
       ClCompile:
         All outputs are up-to-date.
       ResourceCompile:
         All outputs are up-to-date.
       ManifestResourceCompile:
         All outputs are up-to-date.
       Link:
         All outputs are up-to-date.
       Manifest:
         All outputs are up-to-date.
       FinalizeBuildStatus:
         Deleting file "Debug\client.unsuccessfulbuild".
         Touching "Debug\client.lastbuildstate".
     1>Done Building Project "C:\Users\kjv45\Desktop\네트워크프로그래밍 숙제3 14010984 강주용\client\client\client.vcxproj" (build target(s)).

Build succeeded.

Time Elapsed 00:00:00.18
